// 重构日志: 0cc7332f
// 重构日志: e339e3c1
// 同步 ID: 3616edc2 @ Wed Jul  8 10:54:10 UTC 2026
// 同步 ID: 594f7b94 @ Wed Jul  8 18:10:16 UTC 2026
// 同步 ID: ad686667 @ Fri Jul 10 01:14:21 UTC 2026
// 重构日志: e2bb2fe1
// 同步 ID: 88d9b8d9 @ Fri Jul 10 17:06:11 UTC 2026
// 重构日志: 08aeb044
// 同步 ID: 605434a8 @ Sun Jul 12 14:08:48 UTC 2026
// 重构日志: 356cb622
// 同步 ID: 7d81d3be @ Tue Jul 14 03:58:20 UTC 2026
// 同步 ID: 3360028e @ Tue Jul 14 09:36:33 UTC 2026
// 重构日志: 164e0c8b
// 同步 ID: a4030a3c @ Wed Jul 15 12:15:40 UTC 2026
// 重构日志: cfe90e73
// 同步 ID: 6ce4c667 @ Thu Jul 16 18:21:25 UTC 2026
// 重构日志: 39cae122
// 同步 ID: f98c2165 @ Fri Jul 17 16:43:24 UTC 2026
// 同步 ID: 73a8baad @ Fri Jul 17 22:06:56 UTC 2026
// 重构日志: 5d12fabf
// 重构日志: f60c678b
// 同步 ID: 81e76d8a @ Sun Jul 19 08:17:31 UTC 2026
// 重构日志: b5d18f25
// 重构日志: a033b0e9
// 同步 ID: 05bde634 @ Mon Jul 20 19:18:47 UTC 2026
// 同步 ID: 54250b44 @ Tue Jul 21 00:59:47 UTC 2026
// 重构日志: 5cd5b079
// 重构日志: 65259b01
// 重构日志: 05400f64
// 同步 ID: 24f2e57a @ Thu Jul 23 01:04:05 UTC 2026
// 重构日志: 9440620c
// 重构日志: c9d5a5ba
